0 info it worked if it ends with ok
1 verbose cli [ '/usr/local/bin/node', '/usr/local/bin/npm', 'start' ]
2 info using npm@3.10.10
3 info using node@v6.10.0
4 verbose run-script [ 'prestart', 'start', 'poststart' ]
5 info lifecycle tone.js-2@0.0.1~prestart: tone.js-2@0.0.1
6 silly lifecycle tone.js-2@0.0.1~prestart: no script for prestart, continuing
7 info lifecycle tone.js-2@0.0.1~start: tone.js-2@0.0.1
8 verbose lifecycle tone.js-2@0.0.1~start: unsafe-perm in lifecycle true
9 verbose lifecycle tone.js-2@0.0.1~start: PATH: /usr/local/lib/node_modules/npm/bin/node-gyp-bin:/Users/pistachionut/Documents/RISCA Grant Work/Web Sound 2k17/tone.js-realtime/node_modules/.bin:/Library/Frameworks/Python.framework/Versions/3.5/bin:/Library/Frameworks/Python.framework/Versions/3.5/bin:/Users/pistachionut/.rvm/gems/ruby-2.3.0/bin:/Users/pistachionut/.rvm/gems/ruby-2.3.0@global/bin:/Users/pistachionut/.rvm/rubies/ruby-2.3.0/bin:/usr/local/bin:/usr/bin:/bin:/usr/sbin:/sbin:/opt/X11/bin:/usr/local/MacGPG2/bin:/Users/pistachionut/.rvm/bin
10 verbose lifecycle tone.js-2@0.0.1~start: CWD: /Users/pistachionut/Documents/RISCA Grant Work/Web Sound 2k17/tone.js-realtime
11 silly lifecycle tone.js-2@0.0.1~start: Args: [ '-c', 'index.js' ]
12 info lifecycle tone.js-2@0.0.1~start: Failed to exec start script
13 verbose stack Error: tone.js-2@0.0.1 start: `index.js`
13 verbose stack spawn ENOENT
13 verbose stack     at ChildProcess.<anonymous> (/usr/local/lib/node_modules/npm/lib/utils/spawn.js:33:16)
13 verbose stack     at emitTwo (events.js:106:13)
13 verbose stack     at ChildProcess.emit (events.js:191:7)
13 verbose stack     at maybeClose (internal/child_process.js:877:16)
13 verbose stack     at Process.ChildProcess._handle.onexit (internal/child_process.js:226:5)
14 verbose pkgid tone.js-2@0.0.1
15 verbose cwd /Users/pistachionut/Documents/RISCA Grant Work/Web Sound 2k17/tone.js-realtime
16 error Darwin 15.6.0
17 error argv "/usr/local/bin/node" "/usr/local/bin/npm" "start"
18 error node v6.10.0
19 error npm  v3.10.10
20 error file sh
21 error code ELIFECYCLE
22 error errno ENOENT
23 error syscall spawn
24 error tone.js-2@0.0.1 start: `index.js`
24 error spawn ENOENT
25 error Failed at the tone.js-2@0.0.1 start script 'index.js'.
25 error Make sure you have the latest version of node.js and npm installed.
25 error If you do, this is most likely a problem with the tone.js-2 package,
25 error not with npm itself.
25 error Tell the author that this fails on your system:
25 error     index.js
25 error You can get information on how to open an issue for this project with:
25 error     npm bugs tone.js-2
25 error Or if that isn't available, you can get their info via:
25 error     npm owner ls tone.js-2
25 error There is likely additional logging output above.
26 verbose exit [ 1, true ]
